check dependencies
dependencies ready
内核：test-d77868946c6a8f76.bin
启动 TFTP 服务器...
文件目录：/home/yanlien/QCL/rk3568/phytium-mci/target/aarch64-unknown-none/debug/deps
TFTP : 10.3.10.57
启动命令：dhcp;tftp $loadaddr 10.3.10.57:$bootfile;tftp $fdt_addr 10.3.10.57:$fdtfile;fdt addr $fdt_addr;booti $loadaddr - $fdt_addr
内核大小：0xde0b0
串口：/dev/ttyUSB0, 115200
等待 U-Boot 启动...

wait for `<INTERRUPT>`
parameter pad_base = 0x380fa000
value = 0x40, addr = 0x0
value = 0x240, addr = 0x0
value = 0x245, addr = 0x32b30000
value = 0x240, addr = 0x32b30008
value = 0x40, addr = 0x32b3000c
value = 0x0, addr = 0x32b30010
value = 0x40, addr = 0x32b30014
value = 0x240, addr = 0x32b30018
value = 0x240, addr = 0x32b3001c
value = 0x40, addr = 0x32b30038
value = 0x40, addr = 0x32b3003c
value = 0x40, addr = 0x32b30040
value = 0x40, addr = 0x32b30044
value = 0x40, addr = 0x32b30048
value = 0x145, addr = 0x32b3004c
value = 0x141, addr = 0x32b30050
value = 0x245, addr = 0x32b30054
value = 0x241, addr = 0x32b30058
value = 0x45, addr = 0x32b3005c
value = 0x141, addr = 0x32b30060
value = 0x145, addr = 0x32b30064
value = 0x245, addr = 0x32b30068
value = 0x245, addr = 0x32b3006c
value = 0x145, addr = 0x32b30070
value = 0x245, addr = 0x32b30074
value = 0x245, addr = 0x32b30078
value = 0x240, addr = 0x32b3007c
value = 0x240, addr = 0x32b30080
value = 0x240, addr = 0x32b30084
value = 0x245, addr = 0x32b30088
value = 0x245, addr = 0x32b3008c
value = 0x41, addr = 0x32b30090
value = 0x40, addr = 0x32b30094
value = 0x40, addr = 0x32b30098
value = 0x40, addr = 0x32b3009c
value = 0x40, addr = 0x32b300a0
value = 0x240, addr = 0x32b300a4
value = 0x44, addr = 0x32b300a8
value = 0x44, addr = 0x32b300ac
value = 0x240, addr = 0x32b300b0
value = 0x40, addr = 0x32b300b4
value = 0x246, addr = 0x32b300bc
value = 0x140, addr = 0x32b300c0
value = 0x246, addr = 0x32b300c4
value = 0x240, addr = 0x32b300c8
value = 0x240, addr = 0x32b300cc
value = 0x245, addr = 0x32b300d0
value = 0x245, addr = 0x32b300d4
value = 0x240, addr = 0x32b300d8
value = 0x40, addr = 0x32b300dc
value = 0x246, addr = 0x32b300e0
value = 0x246, addr = 0x32b300e4
value = 0x240, addr = 0x32b300e8
value = 0x240, addr = 0x32b300ec
value = 0x240, addr = 0x32b300f0
value = 0x240, addr = 0x32b300f4
value = 0x143, addr = 0x32b300f8
value = 0x243, addr = 0x32b300fc
value = 0x143, addr = 0x32b30100
value = 0x243, addr = 0x32b30104
value = 0x240, addr = 0x32b30108
value = 0x240, addr = 0x32b3010c
value = 0x240, addr = 0x32b30110
value = 0x240, addr = 0x32b30114
value = 0x240, addr = 0x32b30118
value = 0x240, addr = 0x32b3011c
value = 0x40, addr = 0x32b30120
value = 0x241, addr = 0x32b30124
value = 0x241, addr = 0x32b30128
value = 0x241, addr = 0x32b3012c
value = 0x241, addr = 0x32b30130
value = 0x42, addr = 0x32b30134
value = 0x242, addr = 0x32b30138
value = 0x242, addr = 0x32b3013c
value = 0x242, addr = 0x32b30140
value = 0x242, addr = 0x32b30144
value = 0x246, addr = 0x32b30148
value = 0x246, addr = 0x32b3014c
value = 0x246, addr = 0x32b30150
value = 0x44, addr = 0x32b30154
value = 0x244, addr = 0x32b30158
value = 0x244, addr = 0x32b3015c
value = 0x244, addr = 0x32b30160
value = 0x240, addr = 0x32b30164
value = 0x240, addr = 0x32b30168
value = 0x240, addr = 0x32b3016c
value = 0x240, addr = 0x32b30170
value = 0x240, addr = 0x32b30174
value = 0x40, addr = 0x32b30178
value = 0x246, addr = 0x32b3017c
value = 0x246, addr = 0x32b30180
value = 0x146, addr = 0x32b30184
value = 0x146, addr = 0x32b30188
value = 0x146, addr = 0x32b3018c
value = 0x146, addr = 0x32b30190
value = 0x246, addr = 0x32b30194
value = 0x146, addr = 0x32b30198
value = 0x276, addr = 0x32b3019c
value = 0x246, addr = 0x32b301a0
value = 0x246, addr = 0x32b301a4
value = 0x146, addr = 0x32b301a8
value = 0x146, addr = 0x32b301ac
value = 0x146, addr = 0x32b301b0
value = 0x45, addr = 0x32b301bc
value = 0x45, addr = 0x32b301c0
value = 0x45, addr = 0x32b301c4
value = 0x45, addr = 0x32b301c8
value = 0x44, addr = 0x32b301cc
value = 0x44, addr = 0x32b301d0
value = 0x44, addr = 0x32b301d4
value = 0x44, addr = 0x32b301d8
value = 0x44, addr = 0x32b301dc
value = 0x44, addr = 0x32b301e0
value = 0x44, addr = 0x32b301e4
value = 0x44, addr = 0x32b301e8
value = 0x43, addr = 0x32b301ec
value = 0x43, addr = 0x32b301f0
value = 0x46, addr = 0x32b301f8
value = 0x246, addr = 0x32b301fc
value = 0x246, addr = 0x32b30200
value = 0x42, addr = 0x32b30208
value = 0x42, addr = 0x32b3020c
value = 0x41, addr = 0x32b30210
value = 0x41, addr = 0x32b30214
value = 0x41, addr = 0x32b30218
value = 0x41, addr = 0x32b3021c
value = 0x41, addr = 0x32b30220
value = 0x47, addr = 0x32b30224
value = 0x41, addr = 0x32b30228
value = 0x40, addr = 0x32b3022c
value = 0x40, addr = 0x32b3023c
value = 0x46, addr = 0x32b30240
value = 0x46, addr = 0x32b30244
value = 0x46, addr = 0x32b30248
value = 0x46, addr = 0x32b3024c
pcie and m.2 reset low
gmac phy reset low
flash tpye = default flash
get flash speed = 2
flash set done
reset source = 1 
power on reset done!
gmac phy reset high
pcie and m.2 reset high


U-Boot 2022.01-v2.12-g646c572f (Mar 21 2025 - 11:48:39 +0800)

vhub host set!
pcie ep device set!
DRAM:  Phytium ddr init 
  CH 0 : 
force spd, dimm info is from parm
  tAAmim    = 13750ps
  tRCDmin   = 13750ps
  tRPmin    = 13750ps
  tRASmin   = 32000ps
  tRCmin    = 45750ps
  tFAWmin   = 30000ps
  tRRD_Smin = 5300ps
  tRRD_Lmin = 6400ps
  tCCD_Lmin = 5000ps
  tWRmin    = 15000ps
  tWTR_Smin = 2500ps
  tWTR_Lmin = 7500ps
  tRFC1min  = 160000ps
  tRFC2min  = 110000ps
  tRFC4min  = 90000ps
	Dimm_Capacity = 4GB
	DDR4	UDIMM/2 Bank Groups/4 Banks/Column 10/Row 16/X16/1 Rank/NO ECC/Standard
	Modual:Unknown=0x0
D/TC:0   add_phys_mem:667 VCORE_UNPG_RX_PA type TEE_RAM_RX 0xfc000000 size 0x0009f000
D/TC:0   add_phys_mem:667 VCORE_UNPG_RW_PA type TEE_RAM_RW 0xfc09f000 size 0x00361000
D/TC:0   add_phys_mem:667 ta_base type TA_RAM 0xfc400000 size 0x01e00000
D/TC:0   add_phys_mem:667 ROUNDDOWN(CONSOLE_UART_BASE, CORE_MMU_PGDIR_SIZE) type IO_SEC 0x28000000 size 0x00200000
D/TC:0   add_phys_mem:667 ROUNDDOWN(GIC_BASE + GICC_OFFSET, CORE_MMU_PGDIR_SIZE) type IO_SEC 0x30800000 size 0x00200000
D/TC:0   add_phys_mem:667 ROUNDDOWN(GIC_BASE + GICD_OFFSET, CORE_MMU_PGDIR_SIZE) type IO_SEC 0x30800000 size 0x00200000
D/TC:0   add_phys_mem:681 Physical mem map overlaps 0x30800000
D/TC:0   add_phys_mem:667 TEE_SHMEM_START type NSEC_SHM 0xfe200000 size 0x00c00000
D/TC:0   add_va_space:707 type RES_VASPACE size 0x00a00000
D/TC:0   add_va_space:707 type SHM_VASPACE size 0x02000000
D/TC:0   dump_mmap_table:835 type NSEC_SHM     va 0xf6000000..0xf6bfffff pa 0xfe200000..0xfedfffff size 0x00c00000 (pgdir)
D/TC:0   dump_mmap_table:835 type TA_RAM       va 0xf6e00000..0xf8bfffff pa 0xfc400000..0xfe1fffff size 0x01e00000 (pgdir)
D/TC:0   dump_mmap_table:835 type IO_SEC       va 0xf8e00000..0xf8ffffff pa 0x30800000..0x309fffff size 0x00200000 (pgdir)
D/TC:0   dump_mmap_table:835 type IO_SEC       va 0xf9000000..0xf91fffff pa 0x28000000..0x281fffff size 0x00200000 (pgdir)
D/TC:0   dump_mmap_table:835 type RES_VASPACE  va 0xf9200000..0xf9bfffff pa 0x00000000..0x009fffff size 0x00a00000 (pgdir)
D/TC:0   dump_mmap_table:835 type SHM_VASPACE  va 0xf9e00000..0xfbdfffff pa 0x00000000..0x01ffffff size 0x02000000 (pgdir)
D/TC:0   dump_mmap_table:835 type TEE_RAM_RX   va 0xfc000000..0xfc09efff pa 0xfc000000..0xfc09efff size 0x0009f000 (smallpg)
D/TC:0   dump_mmap_table:835 type TEE_RAM_RW   va 0xfc09f000..0xfc3fffff pa 0xfc09f000..0xfc3fffff size 0x00361000 (smallpg)
D/TC:0   core_mmu_xlat_table_alloc:526 xlat tables used 1 / 5
D/TC:0   core_mmu_xlat_table_alloc:526 xlat tables used 2 / 5
I/TC: init_runtime without pager
D/TC:0 0 carve_out_phys_mem:362 No need to carve out 0xfc000000 size 0x2200000
D/TC:0 0 carve_out_phys_mem:362 No need to carve out 0xfe200000 size 0xc00000
I/TC: OP-TEE version: Unknown_4.0 (gcc version 10.2.1 20201103 (GNU Toolchain for the A-profile Architecture 10.2-2020.11 (arm-10.16))) #1 Wed Jan 17 20:40:21 CST 2024 aarch64
I/TC: Primary CPU initializing
D/TC:0 0 call_preinitcalls:21 level 2 mobj_mapped_shm_init()
D/TC:0 0 mobj_mapped_shm_init:470 Shared memory address range: f9e00000, fbe00000
D/TC:0 0 call_initcalls:40 level 1 register_time_source()
D/TC:0 0 call_initcalls:40 level 1 teecore_init_pub_ram()
D/TC:0 0 call_initcalls:40 level 3 check_ta_store()
D/TC:0 0 check_ta_store:454 TA store: "REE"
D/TC:0 0 call_initcalls:40 level 3 verify_pseudo_tas_conformance()
D/TC:0 0 call_initcalls:40 level 3 tee_cryp_init()
D/TC:0 0 call_initcalls:40 level 4 tee_fs_init_key_manager()
D/TC:0 0 call_initcalls:40 level 6 mobj_init()
D/TC:0 0 call_initcalls:40 level 6 default_mobj_init()
I/TC: Primary CPU switching to normal world boot
PBF relocate done 
system_off_entry addr =0x3818bb28
system_reset_entry addr =0x3818bb40
suspend_entry addr =0x3818bb70
suspend_end_entry addr =0x3818bb8c
suspend_finish_entry addr =0x3818bb58
1.9 GiB
SGMII_TEST_START
eth ctrl = 0x3200c000, phy = 0x32100000
tx_pkts 0xfa0, rx_pkts 0xfa0
SEL_SGMII_SUCCESS
RST:SEL_TEST_PASS
SGMII_TEST_START
eth ctrl = 0x3200e000, phy = 0x32200000
tx_pkts 0xfa0, rx_pkts 0xfa0
SEL_SGMII_SUCCESS
RST:SEL_TEST_PASS
MMC:   clk = 1200000000Hz
clk = 1200000000Hz
PHYTIUM MCI: 0, PHYTIUM MCI: 1
Loading Environment from MMC... host_set_ios -- 911 -- host->clock_out: 0Hz   no_switch  
host_set_ios -- 911 -- host->clock_out: 0Hz   no_switch  
host_set_ios -- 840 -- host->clock_out: 0Hz switch  400000Hz
host_set_ios -- 907 --MCI_UHS_REG_EXT 1010502 
host_set_ios -- 908 --clkdiv reg 7efa 
host_set_ios -- 911 -- host->clock_out: 400000Hz   no_switch  
host_set_ios -- 840 -- host->clock_out: 400000Hz switch  50000000Hz
host_set_ios -- 907 --MCI_UHS_REG_EXT 1000202 
host_set_ios -- 908 --clkdiv reg 304 
*** Warning - bad CRC, using default environment

In:    uart@2800d000
Out:   uart@2800d000
Err:   uart@2800d000
Net:   
get ethernet@3200c000 mac address 24:dc:0f:04:98:e4 
eth0: ethernet@3200c000
get ethernet@3200e000 mac address 24:dc:0f:04:98:e5 
, eth1: ethernet@3200e000
get ethernet@32010000 mac address 24:dc:0f:04:98:e6 
, eth2: ethernet@32010000
get ethernet@32012000 mac address 24:dc:0f:04:98:e7 
, eth3: ethernet@32012000
  pci_0:1.0         00:01.00  - 1db7:dc01     pcie@40000000    0x06 (Bridge device)
scanning bus for devices...
SATA link 0 timeout.
AHCI 0001.0301 32 slots 1 ports 6 Gbps 0x1 impl SATA mode
flags: 64bit ncq stag pm led clo only pmp pio slum part ccc apst 
SATA link 0 timeout.
AHCI 0001.0301 32 slots 1 ports 6 Gbps 0x1 impl SATA mode
flags: 64bit ncq stag pm led clo only pmp pio slum part ccc apst 
Hit any key to stop autoboot:  2  0
Phytium-Pi#<INTERRUPT>
clear

test shell

test shell ret Ok(())
testshell
Unknown command 'testshell' - try 'help'
Phytium-Pi#
shell ready, perfix: `Phytium-Pi#`

Uboot shell ok

wait for `echo $loadaddr`

Unknown command 'testshell' - try 'help'
Phytium-Pi#echo $loadaddr
cmd ok

wait for `Phytium-Pi#`

0x90000000
Phytium-Pi#
wait for `echo $fdt_addr_r`

0x90000000
Phytium-Pi#echo $fdt_addr_r
cmd ok

wait for `Phytium-Pi#`


Phytium-Pi#
wait for `setenv fdt_addr 0x90fdf000`


Phytium-Pi#setenv fdt_addr 0x90fdf000
cmd ok

wait for `Phytium-Pi#`

Phytium-Pi#
wait for `setenv autoload no`

Phytium-Pi#setenv autoload no
cmd ok

wait for `Phytium-Pi#`

Phytium-Pi#
wait for `setenv bootfile test-d77868946c6a8f76.bin`

Phytium-Pi#setenv bootfile test-d77868946c6a8f76.bin
cmd ok

wait for `Phytium-Pi#`

Phytium-Pi#
wait for `setenv fdtfile phytium.dtb`

Phytium-Pi#setenv fdtfile phytium.dtb
cmd ok

wait for `Phytium-Pi#`

Phytium-Pi#
wait for `setenv serverip 10.3.10.57`

Phytium-Pi#setenv serverip 10.3.10.57
cmd ok

wait for `Phytium-Pi#`

Phytium-Pi#boot up

wait for `dhcp;tftp $loadaddr 10.3.10.57:$bootfile;tftp $fdt_addr 10.3.10.57:$fdtfile;fdt addr $fdt_addr;booti $loadaddr - $fdt_addr`

Phytium-Pi#dhcp;tftp $loadaddr 10.3.10.57:$bootfile;tftp $fdt_addr 10.3.10.57:$fdtfile;fdt addr $fdt_addr;booti $loadaddr - $fdt_addr
cmd ok

ethernet@3200c000: PHY present at 0
ethernet@3200c000: Starting autonegotiation...
ethernet@3200c000: Autonegotiation timed out (status=0x7949)
ethernet@3200c000: link down (status: 0x7949)
ethernet@3200e000: PHY present at 0
ethernet@3200e000: Starting autonegotiation...
ethernet@3200e000: Autonegotiation complete
ethernet@3200e000: link up, 1000Mbps full-duplex (lpa: 0x2c02)
ft sgmii speed 1000M!
BOOTP broadcast 1
BOOTP broadcast 2
BOOTP broadcast 3
*** Unhandled DHCP Option in OFFER/ACK: 60
*** Unhandled DHCP Option in OFFER/ACK: 60
DHCP client bound to address 10.3.10.151 (760 ms)
ethernet@3200e000: PHY present at 0
ethernet@3200e000: Starting autonegotiation...
ethernet@3200e000: Autonegotiation complete
ethernet@3200e000: link up, 1000Mbps full-duplex (lpa: 0x2c00)
ft sgmii speed 1000M!
Using ethernet@3200e000 device
TFTP from server 10.3.10.57; our IP address is 10.3.10.151
Filename 'test-d77868946c6a8f76.bin'.
Load address: 0x90000000
Loading: *Sending test-d77868946c6a8f76.bin to 10.3.10.151:1777
##############################################################Sent test-d77868946c6a8f76.bin to 10.3.10.151:1777

	 142.6 KiB/s
done
Bytes transferred = 909488 (de0b0 hex)
ethernet@3200e000: PHY present at 0
ethernet@3200e000: Starting autonegotiation...
ethernet@3200e000: Autonegotiation complete
ethernet@3200e000: link up, 1000Mbps full-duplex (lpa: 0x2c03)
ft sgmii speed 1000M!
Using ethernet@3200e000 device
TFTP from server 10.3.10.57; our IP address is 10.3.10.151
Filename 'phytium.dtb'.
Load address: 0x90fdf000
Loading: *Sending phytium.dtb to 10.3.10.151:1884
##Sent phytium.dtb to 10.3.10.151:1884
#
	 5.9 KiB/s
done
Bytes transferred = 31109 (7985 hex)
Moving Image from 0x90000000 to 0x80080000, end=80262000
## Flattened Device Tree blob at 90fdf000
   Booting using the fdt blob at 0x90fdf000
   Loading Device Tree to 00000000f9c27000, end 00000000f9c31984 ... OK
run in ft_board_setup
fdt_addr 00000000f9c27000
mb_count = 0x2
mb_blocks[0].mb_size = 0x7c000000
mb_blocks[1].mb_size = 0x80000000
fdt : can not find /memory@01  node
fdt : add node memory@01
fdt : dram size 0x100000000 update successfully

Starting kernel ...

Booting up
Move FDT from 0xf9c27000 to 0xfbff8000
va: 0xfffffeff80000000
kernel.text: [0x80080000, 0x8013e000)
kernel.data: [0x8015e000, 0x8015f000)
kernel.bss : [0x8015f000, 0x80262000)
page table allocator: [0xbe000000, 0xfc000000)
map region: [memory] [0xffffff1f80000000, 0xffffff2000000000) -> [0x2000000000, 0x2080000000)
map region: [memory] [0xffffff0000000000, 0xffffff007c000000) -> [0x80000000, 0xfc000000)
map region: [debugcon] [0xfffffeffa800d000, 0xfffffeffa800e000) -> [0x2800d000, 0x2800e000)
Table: 0xbe000000
Jump to __start: 0xffffff00000e2720, stack top: 0xffffff007bff8000
TCR_EL1: 0x5b5103510
Relocate success.
heap add memory [0xffffff0000262000, 0xffffff007b7f8000)
heap initialized
[38;2;255;128;0m
     _____                                         __
    / ___/ ____   ____ _ _____ _____ ___   ____ _ / /
    \__ \ / __ \ / __ `// ___// ___// _ \ / __ `// / 
   ___/ // /_/ // /_/ // /   / /   /  __// /_/ // /  
  /____// .___/ \__,_//_/   /_/    \___/ \__,_//_/   
       /_/                                           
[0m
Version                       : 0.8.1
Platfrom                      : Phytium Pi Board
Kernel Base                   : 0xffffff0000080000
Kernel Size                   : 1928 KiB
Kernel Stack Top              : 0xffffff007bff8000
Start CPU                     : 0x200
Debug Serial                  : arm,pl011
[38;2;22;133;169m🐛 0.000ns    [sparreal_kernel::mem::mmu::paging:61] Initializing page table...
[0m[38;2;128;128;128m🔍 0.000ns    [sparreal_kernel::mem::mmu::paging:74] Mapping memory [0xffffff1f80000000, 0xffffff2000000000) -> [0x2000000000, 0x2080000000)
[0m[38;2;128;128;128m🔍 0.000ns    [page_table_generic::table:118] map_region: [0xffffff1f80000000, 0xffffff2000000000) -> [0x2000000000, 0x2080000000) PRWX | U---, Normal)
[0m[38;2;128;128;128m🔍 0.000ns    [sparreal_kernel::mem::mmu::paging:74] Mapping memory [0xffffff0000000000, 0xffffff007c000000) -> [0x80000000, 0xfc000000)
[0m[38;2;128;128;128m🔍 0.000ns    [page_table_generic::table:118] map_region: [0xffffff0000000000, 0xffffff007c000000) -> [0x80000000, 0xfc000000) PRWX | U---, Normal)
[0m[38;2;128;128;128m🔍 0.000ns    [sparreal_kernel::mem::mmu::paging:101] Mapping stdout 0xfffffeffa800d000 -> 0x2800d000
[0m[38;2;128;128;128m🔍 0.000ns    [page_table_generic::table:118] map_region: [0xfffffeffa800d000, 0xfffffeffa800e000) -> [0x2800d000, 0x2800e000) PRW- | U---, Device)
[0m[38;2;22;133;169m🐛 0.000ns    [sparreal_kernel::mem:124] Heap add memory [0xffffff1f80000000, 0xffffff2000000000)
[0m[38;2;22;133;169m🐛 0.000ns    [sparreal_kernel::globals:113] per cpu data ok
[0m[38;2;22;133;169m🐛 0.000ns    [sparreal_kernel::driver:17] add registers
[0m[38;2;22;133;169m🐛 0.000ns    [rdrive::probe::fdt:63] Probe GICv3
[0m[38;2;128;128;128m🔍 0.000ns    [page_table_generic::table:118] map_region: [0xfffffeffb0800000, 0xfffffeffb0820000) -> [0x30800000, 0x30820000) PRW- | U---, Device)
[0m[38;2;128;128;128m🔍 0.000ns    [page_table_generic::table:118] map_region: [0xfffffeffb0880000, 0xfffffeffb0900000) -> [0x30880000, 0x30900000) PRW- | U---, Device)
[0m[38;2;22;133;169m🐛 0.000ns    [sparreal_kernel::irq:35] [GICv3](0) open
[0m[38;2;22;133;169m🐛 0.000ns    [sparreal_kernel::irq:54] [GICv3](0) init cpu: 0x200
[0m[38;2;22;133;169m🐛 0.000ns    [rdrive:71] Probe timer
[0m[38;2;22;133;169m🐛 0.000ns    [rdrive::probe::fdt:63] Probe ARMv8 Timer
[0m[38;2;22;133;169m🐛 0.000ns    [rdrive::probe::fdt:96] irq parent: Some(0)
[0m[38;2;22;133;169m🐛 43.992s    [sparreal_kernel::irq:116] Enable irq 0x1e on chip 0
[0mbegin test
Run test: test_work
[38;2;0;188;18m💡 44.010s    [test::tests:36] mci0 reg: 0x28000000,mci0 reg size: 0x1000
[0m[38;2;128;128;128m🔍 44.017s    [page_table_generic::table:118] map_region: [0xfffffeffa8000000, 0xfffffeffa8001000) -> [0x28000000, 0x28001000) PRW- | U---, Device)
[0m[38;2;128;128;128m🔍 44.032s    [page_table_generic::table:118] map_region: [0xfffffeffb2b30000, 0xfffffeffb2b32000) -> [0x32b30000, 0x32b32000) PRW- | U---, Device)
[0m[38;2;0;188;18m💡 44.047s    [phytium_mci::mci_host::sd:76] Internal buffer@0x0xffffff000015f200, length = 0x524288
[0m[38;2;22;133;169m🐛 44.058s    [phytium_mci::mci:455] DMA enabled, reseting internal DMA!
[0m[38;2;0;188;18m💡 44.067s    [phytium_mci::mci::mci_hardware:50] invalid uhs config
[0m[38;2;0;188;18m💡 44.075s    [phytium_mci::mci:608] Reset hardware done !!!
[0m[38;2;0;188;18m💡 44.082s    [phytium_mci::mci:100] Device initialize success !!!
[0m[38;2;22;133;169m🐛 44.090s    [phytium_mci::mci:148] idma_list set success!
[0m[38;2;0;188;18m💡 44.107s    [phytium_mci::mci_host::sd:218] Start card identification
[0m[38;2;0;188;18m💡 44.512s    [phytium_mci::mci_host::mci_sdif::sdif_device:203] Set bus width to 1 bit
[0m[38;2;0;188;18m💡 44.519s    [phytium_mci::mci:161] Set clk as 400000
[0m[38;2;0;188;18m💡 44.526s    [phytium_mci::mci:197] clk_src: 0x502 clk_div: 0x7e7dfa, shift: 0x0
[0m[38;2;0;188;18m💡 44.535s    [phytium_mci::mci_host::mci_sdif::sdif_device:263] BUS CLOCK: 400000
[0m[38;2;255;0;0m💥 44.544s    [phytium_mci::mci_host:143] cmd0 starts
[0m[38;2;22;133;169m🐛 44.551s    [phytium_mci::mci::mci_cmd:79] ============[CMD-0]@0xfffffeffa8000000 begin ============
[0m[38;2;22;133;169m🐛 44.562s    [phytium_mci::mci::mci_cmd:89]     cmd: 0x20008000
[0m[38;2;22;133;169m🐛 44.570s    [phytium_mci::mci::mci_cmd:90]     arg: 0x0
[0m[38;2;22;133;169m🐛 44.577s    [phytium_mci::mci:298] polling dma end, reg_val = 0x0
[0m[38;2;22;133;169m🐛 44.585s    [phytium_mci::mci::mci_cmd:135] ============[CMD-0]@0xfffffeffa8000000 end ============
[0m[38;2;0;188;18m💡 44.596s    [phytium_mci::mci::mci_cmd:149] cmd send done ...
[0m[38;2;22;133;169m🐛 44.604s    [phytium_mci::mci::mci_cmd:135] ============[CMD-0]@0xfffffeffa8000000 end ============
[0m[38;2;0;188;18m💡 44.615s    [phytium_mci::mci::mci_cmd:149] cmd send done ...
[0m[38;2;22;133;169m🐛 44.622s    [phytium_mci::mci::mci_cmd:79] ============[CMD-8]@0xfffffeffa8000000 begin ============
[0m[38;2;22;133;169m🐛 44.633s    [phytium_mci::mci::mci_cmd:89]     cmd: 0x20000148
[0m[38;2;22;133;169m🐛 44.641s    [phytium_mci::mci::mci_cmd:90]     arg: 0x1aa
[0m[38;2;22;133;169m🐛 44.649s    [phytium_mci::mci:298] polling dma end, reg_val = 0x0
[0m[38;2;22;133;169m🐛 44.657s    [phytium_mci::mci::mci_cmd:130]     resp: 0x1aa
[0m[38;2;22;133;169m🐛 44.664s    [phytium_mci::mci::mci_cmd:135] ============[CMD-8]@0xfffffeffa8000000 end ============
[0m[38;2;0;188;18m💡 44.675s    [phytium_mci::mci::mci_cmd:149] cmd send done ...
[0m[38;2;22;133;169m🐛 44.683s    [phytium_mci::mci::mci_cmd:130]     resp: 0x1aa
[0m[38;2;22;133;169m🐛 44.690s    [phytium_mci::mci::mci_cmd:135] ============[CMD-8]@0xfffffeffa8000000 end ============
[0m[38;2;0;188;18m💡 44.701s    [phytium_mci::mci::mci_cmd:149] cmd send done ...
[0m[38;2;22;133;169m🐛 44.709s    [phytium_mci::mci::mci_cmd:79] ============[CMD-55]@0xfffffeffa8000000 begin ============
[0m[38;2;22;133;169m🐛 44.720s    [phytium_mci::mci::mci_cmd:89]     cmd: 0x20000177
[0m[38;2;22;133;169m🐛 44.728s    [phytium_mci::mci::mci_cmd:90]     arg: 0x0
[0m[38;2;22;133;169m🐛 44.735s    [phytium_mci::mci:298] polling dma end, reg_val = 0x0
[0m[38;2;22;133;169m🐛 44.743s    [phytium_mci::mci::mci_cmd:130]     resp: 0x120
[0m[38;2;22;133;169m🐛 44.751s    [phytium_mci::mci::mci_cmd:135] ============[CMD-55]@0xfffffeffa8000000 end ============
[0m[38;2;0;188;18m💡 44.762s    [phytium_mci::mci::mci_cmd:149] cmd send done ...
[0m[38;2;22;133;169m🐛 44.769s    [phytium_mci::mci::mci_cmd:130]     resp: 0x120
[0m[38;2;22;133;169m🐛 44.777s    [phytium_mci::mci::mci_cmd:135] ============[ACMD-55]@0xfffffeffa8000000 end ============
[0m[38;2;0;188;18m💡 44.788s    [phytium_mci::mci::mci_cmd:149] cmd send done ...
[0m[38;2;22;133;169m🐛 44.796s    [phytium_mci::mci::mci_cmd:79] ============[ACMD-41]@0xfffffeffa8000000 begin ============
[0m[38;2;22;133;169m🐛 44.807s    [phytium_mci::mci::mci_cmd:89]     cmd: 0x20000069
[0m[38;2;22;133;169m🐛 44.815s    [phytium_mci::mci::mci_cmd:90]     arg: 0x40320000
[0m[38;2;22;133;169m🐛 44.823s    [phytium_mci::mci:298] polling dma end, reg_val = 0x0
[0m[38;2;22;133;169m🐛 44.831s    [phytium_mci::mci::mci_cmd:130]     resp: 0x40ff8000
[0m[38;2;22;133;169m🐛 44.839s    [phytium_mci::mci::mci_cmd:135] ============[ACMD-41]@0xfffffeffa8000000 end ============
[0m[38;2;0;188;18m💡 44.850s    [phytium_mci::mci::mci_cmd:149] cmd send done ...
[0m[38;2;22;133;169m🐛 44.857s    [phytium_mci::mci::mci_cmd:130]     resp: 0x40ff8000
[0m[38;2;22;133;169m🐛 44.865s    [phytium_mci::mci::mci_cmd:135] ============[CMD-41]@0xfffffeffa8000000 end ============
[0m[38;2;0;188;18m💡 44.877s    [phytium_mci::mci::mci_cmd:149] cmd send done ...
[0m[38;2;22;133;169m🐛 44.894s    [phytium_mci::mci::mci_cmd:79] ============[CMD-55]@0xfffffeffa8000000 begin ============
[0m[38;2;22;133;169m🐛 44.902s    [phytium_mci::mci::mci_cmd:89]     cmd: 0x20000177
[0m[38;2;22;133;169m🐛 44.910s    [phytium_mci::mci::mci_cmd:90]     arg: 0x0
[0m[38;2;22;133;169m🐛 44.917s    [phytium_mci::mci:298] polling dma end, reg_val = 0x0
[0m[38;2;22;133;169m🐛 44.926s    [phytium_mci::mci::mci_cmd:130]     resp: 0x120
[0m[38;2;22;133;169m🐛 44.933s    [phytium_mci::mci::mci_cmd:135] ============[CMD-55]@0xfffffeffa8000000 end ============
[0m[38;2;0;188;18m💡 44.944s    [phytium_mci::mci::mci_cmd:149] cmd send done ...
[0m[38;2;22;133;169m🐛 44.952s    [phytium_mci::mci::mci_cmd:130]     resp: 0x120
[0m[38;2;22;133;169m🐛 44.959s    [phytium_mci::mci::mci_cmd:135] ============[ACMD-55]@0xfffffeffa8000000 end ============
[0m[38;2;0;188;18m💡 44.970s    [phytium_mci::mci::mci_cmd:149] cmd send done ...
[0m[38;2;22;133;169m🐛 44.978s    [phytium_mci::mci::mci_cmd:79] ============[ACMD-41]@0xfffffeffa8000000 begin ============
[0m[38;2;22;133;169m🐛 44.989s    [phytium_mci::mci::mci_cmd:89]     cmd: 0x20000069
[0m[38;2;22;133;169m🐛 44.997s    [phytium_mci::mci::mci_cmd:90]     arg: 0x40320000
[0m[38;2;22;133;169m🐛 45.005s    [phytium_mci::mci:298] polling dma end, reg_val = 0x0
[0m[38;2;22;133;169m🐛 45.013s    [phytium_mci::mci::mci_cmd:130]     resp: 0xc0ff8000
[0m[38;2;22;133;169m🐛 45.021s    [phytium_mci::mci::mci_cmd:135] ============[ACMD-41]@0xfffffeffa8000000 end ============
[0m[38;2;0;188;18m💡 45.032s    [phytium_mci::mci::mci_cmd:149] cmd send done ...
[0m[38;2;22;133;169m🐛 45.040s    [phytium_mci::mci::mci_cmd:130]     resp: 0xc0ff8000
[0m[38;2;22;133;169m🐛 45.048s    [phytium_mci::mci::mci_cmd:135] ============[CMD-41]@0xfffffeffa8000000 end ============
[0m[38;2;0;188;18m💡 45.059s    [phytium_mci::mci::mci_cmd:149] cmd send done ...
[0m[38;2;0;188;18m💡 45.066s    [phytium_mci::mci_host::sd:1523] Is high capcity card > 2GB
[0m[38;2;0;188;18m💡 45.075s    [phytium_mci::mci_host::sd:1531] Not UHS card only support 3.3v
[0m[38;2;22;133;169m🐛 45.084s    [phytium_mci::mci::mci_cmd:79] ============[CMD-2]@0xfffffeffa8000000 begin ============
[0m[38;2;22;133;169m🐛 45.095s    [phytium_mci::mci::mci_cmd:89]     cmd: 0x200001c2
[0m[38;2;22;133;169m🐛 45.103s    [phytium_mci::mci::mci_cmd:90]     arg: 0x0
[0m[38;2;22;133;169m🐛 45.110s    [phytium_mci::mci:298] polling dma end, reg_val = 0x0
[0m[38;2;22;133;169m🐛 45.118s    [phytium_mci::mci::mci_cmd:123]     resp: 0xed01616f-0x8558c19d-0x44363447-0x3534453
[0m[38;2;22;133;169m🐛 45.129s    [phytium_mci::mci::mci_cmd:135] ============[CMD-2]@0xfffffeffa8000000 end ============
[0m[38;2;0;188;18m💡 45.140s    [phytium_mci::mci::mci_cmd:149] cmd send done ...
[0m[38;2;22;133;169m🐛 45.147s    [phytium_mci::mci::mci_cmd:123]     resp: 0xed01616f-0x8558c19d-0x44363447-0x3534453
[0m[38;2;22;133;169m🐛 45.158s    [phytium_mci::mci::mci_cmd:135] ============[CMD-2]@0xfffffeffa8000000 end ============
[0m[38;2;0;188;18m💡 45.169s    [phytium_mci::mci::mci_cmd:149] cmd send done ...
[0m[38;2;22;133;169m🐛 45.178s    [phytium_mci::mci::mci_cmd:79] ============[CMD-3]@0xfffffeffa8000000 begin ============
[0m[38;2;22;133;169m🐛 45.188s    [phytium_mci::mci::mci_cmd:89]     cmd: 0x20000143
[0m[38;2;22;133;169m🐛 45.195s    [phytium_mci::mci::mci_cmd:90]     arg: 0x0
[0m[38;2;22;133;169m🐛 45.203s    [phytium_mci::mci:298] polling dma end, reg_val = 0x0
[0m[38;2;22;133;169m🐛 45.211s    [phytium_mci::mci::mci_cmd:130]     resp: 0xaaaa0520
[0m[38;2;22;133;169m🐛 45.219s    [phytium_mci::mci::mci_cmd:135] ============[CMD-3]@0xfffffeffa8000000 end ============
[0m[38;2;0;188;18m💡 45.230s    [phytium_mci::mci::mci_cmd:149] cmd send done ...
[0m[38;2;22;133;169m🐛 45.237s    [phytium_mci::mci::mci_cmd:130]     resp: 0xaaaa0520
[0m[38;2;22;133;169m🐛 45.245s    [phytium_mci::mci::mci_cmd:135] ============[CMD-3]@0xfffffeffa8000000 end ============
[0m[38;2;0;188;18m💡 45.256s    [phytium_mci::mci::mci_cmd:149] cmd send done ...
[0m[38;2;22;133;169m🐛 45.264s    [phytium_mci::mci::mci_cmd:79] ============[CMD-9]@0xfffffeffa8000000 begin ============
[0m[38;2;22;133;169m🐛 45.275s    [phytium_mci::mci::mci_cmd:89]     cmd: 0x200001c9
[0m[38;2;22;133;169m🐛 45.283s    [phytium_mci::mci::mci_cmd:90]     arg: 0xaaaa0000
[0m[38;2;22;133;169m🐛 45.291s    [phytium_mci::mci:298] polling dma end, reg_val = 0x0
[0m[38;2;22;133;169m🐛 45.299s    [phytium_mci::mci::mci_cmd:123]     resp: 0xa4040df-0xdbd37f80-0x5b590001-0x400e0032
[0m[38;2;22;133;169m🐛 45.309s    [phytium_mci::mci::mci_cmd:135] ============[CMD-9]@0xfffffeffa8000000 end ============
[0m[38;2;0;188;18m💡 45.320s    [phytium_mci::mci::mci_cmd:149] cmd send done ...
[0m[38;2;22;133;169m🐛 45.328s    [phytium_mci::mci::mci_cmd:123]     resp: 0xa4040df-0xdbd37f80-0x5b590001-0x400e0032
[0m[38;2;22;133;169m🐛 45.339s    [phytium_mci::mci::mci_cmd:135] ============[CMD-9]@0xfffffeffa8000000 end ============
[0m[38;2;0;188;18m💡 45.350s    [phytium_mci::mci::mci_cmd:149] cmd send done ...
[0m[38;2;0;188;18m💡 45.357s    [phytium_mci::mci_host::sd:1108] in csd_send response is: [a4040df, dbd37f80, 5b590001, 400e0032]
[0m[38;2;0;188;18m💡 45.369s    [phytium_mci::mci_host::sd:1637] csd structure is 1
[0m[38;2;255;255;0m⚠️ 45.377s    [phytium_mci::mci_host::sd:1643] card_command_classes is 10110110101
[0m[38;2;0;188;18m💡 45.386s    [phytium_mci::mci_host::sd:1675]    csd structure: 2.0
[0m[38;2;0;188;18m💡 45.394s    [phytium_mci::mci_host::sd:1680] device size is 121811, supports sdxc
[0m[38;2;0;188;18m💡 45.403s    [phytium_mci::mci_host::sd:1723] Card block count 124735488, block size 512
[0m[38;2;22;133;169m🐛 45.414s    [phytium_mci::mci::mci_cmd:79] ============[CMD-7]@0xfffffeffa8000000 begin ============
[0m[38;2;22;133;169m🐛 45.424s    [phytium_mci::mci::mci_cmd:89]     cmd: 0x20000147
[0m[38;2;22;133;169m🐛 45.432s    [phytium_mci::mci::mci_cmd:90]     arg: 0xaaaa0000
[0m[38;2;22;133;169m🐛 45.440s    [phytium_mci::mci:298] polling dma end, reg_val = 0x0
[0m[38;2;22;133;169m🐛 45.448s    [phytium_mci::mci::mci_cmd:130]     resp: 0x700
[0m[38;2;22;133;169m🐛 45.456s    [phytium_mci::mci::mci_cmd:135] ============[CMD-7]@0xfffffeffa8000000 end ============
[0m[38;2;0;188;18m💡 45.467s    [phytium_mci::mci::mci_cmd:149] cmd send done ...
[0m[38;2;22;133;169m🐛 45.474s    [phytium_mci::mci::mci_cmd:130]     resp: 0x700
[0m[38;2;22;133;169m🐛 45.482s    [phytium_mci::mci::mci_cmd:135] ============[CMD-7]@0xfffffeffa8000000 end ============
[0m[38;2;0;188;18m💡 45.493s    [phytium_mci::mci::mci_cmd:149] cmd send done ...
[0m[38;2;0;188;18m💡 45.500s    [phytium_mci::mci:161] Set clk as 25000000
[0m[38;2;0;188;18m💡 45.507s    [phytium_mci::mci:197] clk_src: 0x302 clk_div: 0x30204, shift: 0x0
[0m[38;2;0;188;18m💡 45.516s    [phytium_mci::mci_host::mci_sdif::sdif_device:263] BUS CLOCK: 25000000
[0m[38;2;22;133;169m🐛 45.526s    [phytium_mci::mci::mci_cmd:79] ============[CMD-55]@0xfffffeffa8000000 begin ============
[0m[38;2;22;133;169m🐛 45.537s    [phytium_mci::mci::mci_cmd:89]     cmd: 0x20000177
[0m[38;2;22;133;169m🐛 45.545s    [phytium_mci::mci::mci_cmd:90]     arg: 0xaaaa0000
[0m[38;2;22;133;169m🐛 45.552s    [phytium_mci::mci:298] polling dma end, reg_val = 0x0
[0m[38;2;22;133;169m🐛 45.561s    [phytium_mci::mci::mci_cmd:130]     resp: 0x920
[0m[38;2;22;133;169m🐛 45.568s    [phytium_mci::mci::mci_cmd:135] ============[CMD-55]@0xfffffeffa8000000 end ============
[0m[38;2;0;188;18m💡 45.579s    [phytium_mci::mci::mci_cmd:149] cmd send done ...
[0m[38;2;22;133;169m🐛 45.587s    [phytium_mci::mci::mci_cmd:130]     resp: 0x920
[0m[38;2;22;133;169m🐛 45.594s    [phytium_mci::mci::mci_cmd:135] ============[ACMD-55]@0xfffffeffa8000000 end ============
[0m[38;2;0;188;18m💡 45.606s    [phytium_mci::mci::mci_cmd:149] cmd send done ...
[0m[38;2;22;133;169m🐛 45.613s    [phytium_mci::mci_host::mci_sdif::sdif_device:377] buf PA: 0xfb7f0ca0, blksz: 8, datalen: 8
[0m[38;2;22;133;169m🐛 45.624s    [phytium_mci::mci::mci_dma:94] DMA transfer 0xfb7f0ca0 use 1 desc, total 1024 available
[0m[38;2;22;133;169m🐛 45.635s    [phytium_mci::mci::mci_dma:50] 1 dma desc in use!
[0m[38;2;22;133;169m🐛 45.643s    [phytium_mci::mci::mci_dma:55] descriptor no 0 @0xffffff00001df400
[0m[38;2;22;133;169m🐛 45.652s    [phytium_mci::mci::mci_dma:56] 	attribute: 0x8000003c
[0m[38;2;22;133;169m🐛 45.660s    [phytium_mci::mci::mci_dma:57] 	non1: 0x0
[0m[38;2;22;133;169m🐛 45.667s    [phytium_mci::mci::mci_dma:58] 	len: 0x8
[0m[38;2;22;133;169m🐛 45.674s    [phytium_mci::mci::mci_dma:59] 	non2: 0x0
[0m[38;2;22;133;169m🐛 45.681s    [phytium_mci::mci::mci_dma:60] 	addr_lo: 0xfb7f0ca0
[0m[38;2;22;133;169m🐛 45.689s    [phytium_mci::mci::mci_dma:61] 	addr_hi: 0x0
[0m[38;2;22;133;169m🐛 45.697s    [phytium_mci::mci::mci_dma:62] 	desc_lo: 0x0
[0m[38;2;22;133;169m🐛 45.704s    [phytium_mci::mci::mci_dma:63] 	desc_hi: 0x0
[0m[38;2;22;133;169m🐛 45.711s    [phytium_mci::mci::mci_dma:67] dump ok
[0m[38;2;22;133;169m🐛 45.718s    [phytium_mci::mci::mci_dma:163] set dma desc ok
[0m[38;2;0;188;18m💡 45.726s    [phytium_mci::mci::mci_dma:176] Descriptor@0xffffff00001df400, trans bytes: 8, block size: 8
[0m[38;2;22;133;169m🐛 45.737s    [phytium_mci::mci::mci_cmd:79] ============[ACMD-51]@0xfffffeffa8000000 begin ============
[0m[38;2;22;133;169m🐛 45.748s    [phytium_mci::mci::mci_cmd:89]     cmd: 0x20000373
[0m[38;2;22;133;169m🐛 45.756s    [phytium_mci::mci::mci_cmd:90]     arg: 0x0
[0m[38;2;22;133;169m🐛 45.763s    [phytium_mci::mci:298] polling dma end, reg_val = 0x0
[0m[38;2;22;133;169m🐛 45.771s    [phytium_mci::mci::mci_cmd:130]     resp: 0x920
[0m[38;2;22;133;169m🐛 45.779s    [phytium_mci::mci::mci_cmd:135] ============[ACMD-51]@0xfffffeffa8000000 end ============
[0m[38;2;0;188;18m💡 45.790s    [phytium_mci::mci::mci_cmd:149] cmd send done ...
[0m[38;2;22;133;169m🐛 45.798s    [phytium_mci::mci::mci_cmd:130]     resp: 0x920
[0m[38;2;22;133;169m🐛 45.805s    [phytium_mci::mci::mci_cmd:135] ============[CMD-51]@0xfffffeffa8000000 end ============
[0m[38;2;0;188;18m💡 45.816s    [phytium_mci::mci::mci_cmd:149] cmd send done ...
[0m[38;2;0;188;18m💡 45.824s    [phytium_mci::mci_host::sd:1577] in scr_send raw_src is 1000011100000000100010100000010
[0m[38;2;0;188;18m💡 45.835s    [phytium_mci::mci_host::sd:1753]    SCR version: 2.0
[0m[38;2;0;188;18m💡 45.842s    [phytium_mci::mci_host::sd:1756]    SCR version: 3.0
[0m[38;2;0;188;18m💡 45.850s    [phytium_mci::mci_host::sd:1764]    Card support 4-bit bus width
[0m[38;2;0;188;18m💡 45.859s    [phytium_mci::mci_host::sd:1769]    Card support speed class control command
[0m[38;2;0;188;18m💡 45.869s    [phytium_mci::mci_host::sd:1774]    Card support set block count command
[0m[38;2;255;255;0m⚠️ 45.879s    [phytium_mci::mci_host::sd:305] card support 4 bit width
[0m[38;2;22;133;169m🐛 45.887s    [phytium_mci::mci::mci_cmd:79] ============[CMD-55]@0xfffffeffa8000000 begin ============
[0m[38;2;22;133;169m🐛 45.898s    [phytium_mci::mci::mci_cmd:89]     cmd: 0x20000177
[0m[38;2;22;133;169m🐛 45.906s    [phytium_mci::mci::mci_cmd:90]     arg: 0xaaaa0000
[0m[38;2;22;133;169m🐛 45.914s    [phytium_mci::mci:298] polling dma end, reg_val = 0x0
[0m[38;2;22;133;169m🐛 45.922s    [phytium_mci::mci::mci_cmd:130]     resp: 0x920
[0m[38;2;22;133;169m🐛 45.929s    [phytium_mci::mci::mci_cmd:135] ============[CMD-55]@0xfffffeffa8000000 end ============
[0m[38;2;0;188;18m💡 45.940s    [phytium_mci::mci::mci_cmd:149] cmd send done ...
[0m[38;2;22;133;169m🐛 45.948s    [phytium_mci::mci::mci_cmd:130]     resp: 0x920
[0m[38;2;22;133;169m🐛 45.956s    [phytium_mci::mci::mci_cmd:135] ============[ACMD-55]@0xfffffeffa8000000 end ============
[0m[38;2;0;188;18m💡 45.967s    [phytium_mci::mci::mci_cmd:149] cmd send done ...
[0m[38;2;22;133;169m🐛 45.974s    [phytium_mci::mci::mci_cmd:79] ============[ACMD-6]@0xfffffeffa8000000 begin ============
[0m[38;2;22;133;169m🐛 45.986s    [phytium_mci::mci::mci_cmd:89]     cmd: 0x20000146
[0m[38;2;22;133;169m🐛 45.993s    [phytium_mci::mci::mci_cmd:90]     arg: 0x2
[0m[38;2;22;133;169m🐛 46.001s    [phytium_mci::mci:298] polling dma end, reg_val = 0x0
[0m[38;2;22;133;169m🐛 46.009s    [phytium_mci::mci::mci_cmd:130]     resp: 0x920
[0m[38;2;22;133;169m🐛 46.016s    [phytium_mci::mci::mci_cmd:135] ============[ACMD-6]@0xfffffeffa8000000 end ============
[0m[38;2;0;188;18m💡 46.027s    [phytium_mci::mci::mci_cmd:149] cmd send done ...
[0m[38;2;22;133;169m🐛 46.035s    [phytium_mci::mci::mci_cmd:130]     resp: 0x920
[0m[38;2;22;133;169m🐛 46.042s    [phytium_mci::mci::mci_cmd:135] ============[CMD-6]@0xfffffeffa8000000 end ============
[0m[38;2;0;188;18m💡 46.053s    [phytium_mci::mci::mci_cmd:149] cmd send done ...
[0m[38;2;0;188;18m💡 46.061s    [phytium_mci::mci_host::mci_sdif::sdif_device:207] Set bus width to 4 bit
[0m[38;2;22;133;169m🐛 46.071s    [phytium_mci::mci::mci_cmd:79] ============[CMD-16]@0xfffffeffa8000000 begin ============
[0m[38;2;22;133;169m🐛 46.082s    [phytium_mci::mci::mci_cmd:89]     cmd: 0x20000150
[0m[38;2;22;133;169m🐛 46.090s    [phytium_mci::mci::mci_cmd:90]     arg: 0x200
[0m[38;2;22;133;169m🐛 46.097s    [phytium_mci::mci:298] polling dma end, reg_val = 0x0
[0m[38;2;22;133;169m🐛 46.105s    [phytium_mci::mci::mci_cmd:130]     resp: 0x900
[0m[38;2;22;133;169m🐛 46.113s    [phytium_mci::mci::mci_cmd:135] ============[CMD-16]@0xfffffeffa8000000 end ============
[0m[38;2;0;188;18m💡 46.124s    [phytium_mci::mci::mci_cmd:149] cmd send done ...
[0m[38;2;22;133;169m🐛 46.131s    [phytium_mci::mci::mci_cmd:130]     resp: 0x900
[0m[38;2;22;133;169m🐛 46.139s    [phytium_mci::mci::mci_cmd:135] ============[CMD-16]@0xfffffeffa8000000 end ============
[0m[38;2;0;188;18m💡 46.150s    [phytium_mci::mci::mci_cmd:149] cmd send done ...
[0m[38;2;255;255;0m⚠️ 46.157s    [phytium_mci::mci_host::sd:716] card version is 4
[0m[38;2;255;255;0m⚠️ 46.165s    [phytium_mci::mci_host::sd:717] card_command_classes is 10110110101
[0m[38;2;22;133;169m🐛 46.175s    [phytium_mci::mci_host::mci_sdif::sdif_device:377] buf PA: 0xfb7f2800, blksz: 64, datalen: 64
[0m[38;2;22;133;169m🐛 46.186s    [phytium_mci::mci::mci_dma:94] DMA transfer 0xfb7f2800 use 1 desc, total 1024 available
[0m[38;2;22;133;169m🐛 46.197s    [phytium_mci::mci::mci_dma:50] 1 dma desc in use!
[0m[38;2;22;133;169m🐛 46.205s    [phytium_mci::mci::mci_dma:55] descriptor no 0 @0xffffff00001df400
[0m[38;2;22;133;169m🐛 46.214s    [phytium_mci::mci::mci_dma:56] 	attribute: 0x8000003c
[0m[38;2;22;133;169m🐛 46.222s    [phytium_mci::mci::mci_dma:57] 	non1: 0x0
[0m[38;2;22;133;169m🐛 46.229s    [phytium_mci::mci::mci_dma:58] 	len: 0x40
[0m[38;2;22;133;169m🐛 46.236s    [phytium_mci::mci::mci_dma:59] 	non2: 0x0
[0m[38;2;22;133;169m🐛 46.243s    [phytium_mci::mci::mci_dma:60] 	addr_lo: 0xfb7f2800
[0m[38;2;22;133;169m🐛 46.251s    [phytium_mci::mci::mci_dma:61] 	addr_hi: 0x0
[0m[38;2;22;133;169m🐛 46.259s    [phytium_mci::mci::mci_dma:62] 	desc_lo: 0x0
[0m[38;2;22;133;169m🐛 46.266s    [phytium_mci::mci::mci_dma:63] 	desc_hi: 0x0
[0m[38;2;22;133;169m🐛 46.273s    [phytium_mci::mci::mci_dma:67] dump ok
[0m[38;2;22;133;169m🐛 46.280s    [phytium_mci::mci::mci_dma:163] set dma desc ok
[0m[38;2;0;188;18m💡 46.287s    [phytium_mci::mci::mci_dma:176] Descriptor@0xffffff00001df400, trans bytes: 64, block size: 64
[0m[38;2;22;133;169m🐛 46.299s    [phytium_mci::mci::mci_cmd:79] ============[CMD-6]@0xfffffeffa8000000 begin ============
[0m[38;2;22;133;169m🐛 46.310s    [phytium_mci::mci::mci_cmd:89]     cmd: 0x20000346
[0m[38;2;22;133;169m🐛 46.318s    [phytium_mci::mci::mci_cmd:90]     arg: 0xfffff1
[0m[38;2;22;133;169m🐛 46.325s    [phytium_mci::mci:298] polling dma end, reg_val = 0x0
[0m[38;2;22;133;169m🐛 46.334s    [phytium_mci::mci::mci_cmd:130]     resp: 0x900
[0m[38;2;22;133;169m🐛 46.341s    [phytium_mci::mci::mci_cmd:135] ============[CMD-6]@0xfffffeffa8000000 end ============
[0m[38;2;0;188;18m💡 46.352s    [phytium_mci::mci::mci_cmd:149] cmd send done ...
[0m[38;2;22;133;169m🐛 46.360s    [phytium_mci::mci::mci_cmd:130]     resp: 0x900
[0m[38;2;22;133;169m🐛 46.367s    [phytium_mci::mci::mci_cmd:135] ============[CMD-6]@0xfffffeffa8000000 end ============
[0m[38;2;0;188;18m💡 46.378s    [phytium_mci::mci::mci_cmd:149] cmd send done ...
[0m[38;2;22;133;169m🐛 46.386s    [phytium_mci::mci_host::mci_sdif::sdif_device:377] buf PA: 0xfb7f2800, blksz: 64, datalen: 64
[0m[38;2;22;133;169m🐛 46.397s    [phytium_mci::mci::mci_dma:94] DMA transfer 0xfb7f2800 use 1 desc, total 1024 available
[0m[38;2;22;133;169m🐛 46.408s    [phytium_mci::mci::mci_dma:50] 1 dma desc in use!
[0m[38;2;22;133;169m🐛 46.416s    [phytium_mci::mci::mci_dma:55] descriptor no 0 @0xffffff00001df400
[0m[38;2;22;133;169m🐛 46.425s    [phytium_mci::mci::mci_dma:56] 	attribute: 0x8000003c
[0m[38;2;22;133;169m🐛 46.433s    [phytium_mci::mci::mci_dma:57] 	non1: 0x0
[0m[38;2;22;133;169m🐛 46.440s    [phytium_mci::mci::mci_dma:58] 	len: 0x40
[0m[38;2;22;133;169m🐛 46.447s    [phytium_mci::mci::mci_dma:59] 	non2: 0x0
[0m[38;2;22;133;169m🐛 46.454s    [phytium_mci::mci::mci_dma:60] 	addr_lo: 0xfb7f2800
[0m[38;2;22;133;169m🐛 46.462s    [phytium_mci::mci::mci_dma:61] 	addr_hi: 0x0
[0m[38;2;22;133;169m🐛 46.470s    [phytium_mci::mci::mci_dma:62] 	desc_lo: 0x0
[0m[38;2;22;133;169m🐛 46.477s    [phytium_mci::mci::mci_dma:63] 	desc_hi: 0x0
[0m[38;2;22;133;169m🐛 46.484s    [phytium_mci::mci::mci_dma:67] dump ok
[0m[38;2;22;133;169m🐛 46.491s    [phytium_mci::mci::mci_dma:163] set dma desc ok
[0m[38;2;0;188;18m💡 46.499s    [phytium_mci::mci::mci_dma:176] Descriptor@0xffffff00001df400, trans bytes: 64, block size: 64
[0m[38;2;22;133;169m🐛 46.510s    [phytium_mci::mci::mci_cmd:79] ============[CMD-6]@0xfffffeffa8000000 begin ============
[0m[38;2;22;133;169m🐛 46.521s    [phytium_mci::mci::mci_cmd:89]     cmd: 0x20000346
[0m[38;2;22;133;169m🐛 46.529s    [phytium_mci::mci::mci_cmd:90]     arg: 0x80fffff1
[0m[38;2;22;133;169m🐛 46.537s    [phytium_mci::mci:298] polling dma end, reg_val = 0x0
[0m[38;2;22;133;169m🐛 46.545s    [phytium_mci::mci::mci_cmd:130]     resp: 0x900
[0m[38;2;22;133;169m🐛 46.552s    [phytium_mci::mci::mci_cmd:135] ============[CMD-6]@0xfffffeffa8000000 end ============
[0m[38;2;0;188;18m💡 46.563s    [phytium_mci::mci::mci_cmd:149] cmd send done ...
[0m[38;2;22;133;169m🐛 46.571s    [phytium_mci::mci::mci_cmd:130]     resp: 0x900
[0m[38;2;22;133;169m🐛 46.578s    [phytium_mci::mci::mci_cmd:135] ============[CMD-6]@0xfffffeffa8000000 end ============
[0m[38;2;0;188;18m💡 46.589s    [phytium_mci::mci::mci_cmd:149] cmd send done ...
[0m[38;2;0;188;18m💡 46.597s    [phytium_mci::mci:161] Set clk as 50000000
[0m[38;2;0;188;18m💡 46.604s    [phytium_mci::mci:197] clk_src: 0x502 clk_div: 0x30204, shift: 0x0
[0m[38;2;0;188;18m💡 46.613s    [phytium_mci::mci_host::mci_sdif::sdif_device:263] BUS CLOCK: 50000000
[0m[38;2;0;188;18m💡 46.622s    [phytium_mci::mci_host::sd:1784] Card Name: SD64G
[0m[38;2;0;188;18m💡 46.630s    [phytium_mci::mci_host::sd:1797] Card Version: 3.0
[0m[38;2;0;188;18m💡 46.638s    [phytium_mci::mci_host::sd:1802]  SDHC 
[0m[38;2;0;188;18m💡 46.644s    [phytium_mci::mci_host::sd:1806]  SDXC 
[0m[38;2;0;188;18m💡 46.651s    [phytium_mci::mci_host::sd:1809] 

[0m[38;2;0;188;18m💡 46.657s    [phytium_mci::mci_host::sd:1811]   Size: 59 GB

[0m[38;2;0;188;18m💡 46.665s    [phytium_mci::mci_host::sd:1814]   Bus-Speed: 50 MHz

[0m[38;2;0;188;18m💡 46.673s    [phytium_mci::mci_host::sd:1823]   Voltage: 3.3v

[0m[38;2;0;188;18m💡 46.680s    [phytium_mci::mci_host::sd:1846]   Timing: High-Speed

[0m[38;2;0;188;18m💡 46.688s    [phytium_mci::mci_host::sd:1864]   Max. Current: 200mA

[0m[38;2;0;188;18m💡 46.697s    [phytium_mci::mci_host::sd:1882]   Drv. Type: B

[0m[38;2;0;188;18m💡 46.704s    [phytium_mci::mci_host::sd:226] SD init finished, error = Ok(())
[0m[38;2;22;133;169m🐛 46.733s    [phytium_mci::mci_host::sd:842] write block(s) one time, relative addr(u32) from 0 - 1280, block count 10
[0m[38;2;22;133;169m🐛 46.743s    [phytium_mci::mci::mci_cmd:79] ============[CMD-13]@0xfffffeffa8000000 begin ============
[0m[38;2;22;133;169m🐛 46.754s    [phytium_mci::mci::mci_cmd:89]     cmd: 0x2000014d
[0m[38;2;22;133;169m🐛 46.762s    [phytium_mci::mci::mci_cmd:90]     arg: 0xaaaa0000
[0m[38;2;22;133;169m🐛 46.770s    [phytium_mci::mci:298] polling dma end, reg_val = 0x0
[0m[38;2;22;133;169m🐛 46.778s    [phytium_mci::mci::mci_cmd:130]     resp: 0x900
[0m[38;2;22;133;169m🐛 46.786s    [phytium_mci::mci::mci_cmd:135] ============[CMD-13]@0xfffffeffa8000000 end ============
[0m[38;2;0;188;18m💡 46.797s    [phytium_mci::mci::mci_cmd:149] cmd send done ...
[0m[38;2;22;133;169m🐛 46.804s    [phytium_mci::mci::mci_cmd:130]     resp: 0x900
[0m[38;2;22;133;169m🐛 46.812s    [phytium_mci::mci::mci_cmd:135] ============[CMD-13]@0xfffffeffa8000000 end ============
[0m[38;2;0;188;18m💡 46.823s    [phytium_mci::mci::mci_cmd:149] cmd send done ...
[0m[38;2;22;133;169m🐛 46.830s    [phytium_mci::mci_host::sd:1377] write multiple blocks! block count 10
[0m[38;2;22;133;169m🐛 46.840s    [phytium_mci::mci::mci_cmd:79] ============[CMD-23]@0xfffffeffa8000000 begin ============
[0m[38;2;22;133;169m🐛 46.851s    [phytium_mci::mci::mci_cmd:89]     cmd: 0x20000157
[0m[38;2;22;133;169m🐛 46.859s    [phytium_mci::mci::mci_cmd:90]     arg: 0xa
[0m[38;2;22;133;169m🐛 46.866s    [phytium_mci::mci:298] polling dma end, reg_val = 0x0
[0m[38;2;22;133;169m🐛 46.874s    [phytium_mci::mci::mci_cmd:130]     resp: 0x900
[0m[38;2;22;133;169m🐛 46.882s    [phytium_mci::mci::mci_cmd:135] ============[CMD-23]@0xfffffeffa8000000 end ============
[0m[38;2;0;188;18m💡 46.893s    [phytium_mci::mci::mci_cmd:149] cmd send done ...
[0m[38;2;22;133;169m🐛 46.900s    [phytium_mci::mci::mci_cmd:130]     resp: 0x900
[0m[38;2;22;133;169m🐛 46.908s    [phytium_mci::mci::mci_cmd:135] ============[CMD-23]@0xfffffeffa8000000 end ============
[0m[38;2;0;188;18m💡 46.919s    [phytium_mci::mci::mci_cmd:149] cmd send done ...
[0m[38;2;22;133;169m🐛 46.927s    [phytium_mci::mci_host::mci_sdif::sdif_device:377] buf PA: 0x80268000, blksz: 512, datalen: 5120
[0m[38;2;22;133;169m🐛 46.939s    [phytium_mci::mci::mci_dma:94] DMA transfer 0x80268000 use 2 desc, total 1024 available
[0m[38;2;22;133;169m🐛 46.950s    [phytium_mci::mci::mci_dma:50] 2 dma desc in use!
[0m[38;2;22;133;169m🐛 46.957s    [phytium_mci::mci::mci_dma:55] descriptor no 0 @0xffffff00001df400
[0m[38;2;22;133;169m🐛 46.966s    [phytium_mci::mci::mci_dma:56] 	attribute: 0x80000018
[0m[38;2;22;133;169m🐛 46.975s    [phytium_mci::mci::mci_dma:57] 	non1: 0x0
[0m[38;2;22;133;169m🐛 46.982s    [phytium_mci::mci::mci_dma:58] 	len: 0x1000
[0m[38;2;22;133;169m🐛 46.989s    [phytium_mci::mci::mci_dma:59] 	non2: 0x0
[0m[38;2;22;133;169m🐛 46.996s    [phytium_mci::mci::mci_dma:60] 	addr_lo: 0x80268000
[0m[38;2;22;133;169m🐛 47.004s    [phytium_mci::mci::mci_dma:61] 	addr_hi: 0x0
[0m[38;2;22;133;169m🐛 47.011s    [phytium_mci::mci::mci_dma:62] 	desc_lo: 0x801df420
[0m[38;2;22;133;169m🐛 47.019s    [phytium_mci::mci::mci_dma:63] 	desc_hi: 0x0
[0m[38;2;22;133;169m🐛 47.026s    [phytium_mci::mci::mci_dma:55] descriptor no 1 @0xffffff00001df420
[0m[38;2;22;133;169m🐛 47.035s    [phytium_mci::mci::mci_dma:56] 	attribute: 0x80000034
[0m[38;2;22;133;169m🐛 47.043s    [phytium_mci::mci::mci_dma:57] 	non1: 0x0
[0m[38;2;22;133;169m🐛 47.050s    [phytium_mci::mci::mci_dma:58] 	len: 0x400
[0m[38;2;22;133;169m🐛 47.058s    [phytium_mci::mci::mci_dma:59] 	non2: 0x0
[0m[38;2;22;133;169m🐛 47.065s    [phytium_mci::mci::mci_dma:60] 	addr_lo: 0x80269000
[0m[38;2;22;133;169m🐛 47.073s    [phytium_mci::mci::mci_dma:61] 	addr_hi: 0x0
[0m[38;2;22;133;169m🐛 47.080s    [phytium_mci::mci::mci_dma:62] 	desc_lo: 0x0
[0m[38;2;22;133;169m🐛 47.087s    [phytium_mci::mci::mci_dma:63] 	desc_hi: 0x0
[0m[38;2;22;133;169m🐛 47.094s    [phytium_mci::mci::mci_dma:67] dump ok
[0m[38;2;22;133;169m🐛 47.101s    [phytium_mci::mci::mci_dma:163] set dma desc ok
[0m[38;2;0;188;18m💡 47.109s    [phytium_mci::mci::mci_dma:176] Descriptor@0xffffff00001df400, trans bytes: 5120, block size: 512
[0m[38;2;22;133;169m🐛 47.120s    [phytium_mci::mci::mci_cmd:79] ============[CMD-25]@0xfffffeffa8000000 begin ============
[0m[38;2;22;133;169m🐛 47.132s    [phytium_mci::mci::mci_cmd:89]     cmd: 0x20000759
[0m[38;2;22;133;169m🐛 47.139s    [phytium_mci::mci::mci_cmd:90]     arg: 0x20000
[0m[38;2;22;133;169m🐛 47.147s    [phytium_mci::mci:298] polling dma end, reg_val = 0x10
[0m[38;2;22;133;169m🐛 47.155s    [phytium_mci::mci::mci_cmd:130]     resp: 0x900
[0m[38;2;22;133;169m🐛 47.163s    [phytium_mci::mci::mci_cmd:135] ============[CMD-25]@0xfffffeffa8000000 end ============
[0m[38;2;0;188;18m💡 47.174s    [phytium_mci::mci::mci_cmd:149] cmd send done ...
[0m[38;2;22;133;169m🐛 47.181s    [phytium_mci::mci::mci_cmd:130]     resp: 0x900
[0m[38;2;22;133;169m🐛 47.189s    [phytium_mci::mci::mci_cmd:135] ============[CMD-25]@0xfffffeffa8000000 end ============
[0m[38;2;0;188;18m💡 47.200s    [phytium_mci::mci::mci_cmd:149] cmd send done ...
[0m[38;2;22;133;169m🐛 47.208s    [phytium_mci::mci::mci_cmd:79] ============[CMD-13]@0xfffffeffa8000000 begin ============
[0m[38;2;22;133;169m🐛 47.219s    [phytium_mci::mci::mci_cmd:89]     cmd: 0x2000014d
[0m[38;2;22;133;169m🐛 47.227s    [phytium_mci::mci::mci_cmd:90]     arg: 0xaaaa0000
[0m[38;2;22;133;169m🐛 47.234s    [phytium_mci::mci:298] polling dma end, reg_val = 0x0
[0m[38;2;22;133;169m🐛 47.242s    [phytium_mci::mci::mci_cmd:130]     resp: 0x900
[0m[38;2;22;133;169m🐛 47.250s    [phytium_mci::mci::mci_cmd:135] ============[CMD-13]@0xfffffeffa8000000 end ============
[0m[38;2;0;188;18m💡 47.261s    [phytium_mci::mci::mci_cmd:149] cmd send done ...
[0m[38;2;22;133;169m🐛 47.269s    [phytium_mci::mci::mci_cmd:130]     resp: 0x900
[0m[38;2;22;133;169m🐛 47.276s    [phytium_mci::mci::mci_cmd:135] ============[CMD-13]@0xfffffeffa8000000 end ============
[0m[38;2;0;188;18m💡 47.287s    [phytium_mci::mci::mci_cmd:149] cmd send done ...
[0m[38;2;22;133;169m🐛 47.295s    [phytium_mci::mci::mci_cmd:79] ============[CMD-55]@0xfffffeffa8000000 begin ============
[0m[38;2;22;133;169m🐛 47.306s    [phytium_mci::mci::mci_cmd:89]     cmd: 0x20000177
[0m[38;2;22;133;169m🐛 47.314s    [phytium_mci::mci::mci_cmd:90]     arg: 0xaaaa0000
[0m[38;2;22;133;169m🐛 47.322s    [phytium_mci::mci:298] polling dma end, reg_val = 0x0
[0m[38;2;22;133;169m🐛 47.330s    [phytium_mci::mci::mci_cmd:130]     resp: 0x920
[0m[38;2;22;133;169m🐛 47.337s    [phytium_mci::mci::mci_cmd:135] ============[CMD-55]@0xfffffeffa8000000 end ============
[0m[38;2;0;188;18m💡 47.348s    [phytium_mci::mci::mci_cmd:149] cmd send done ...
[0m[38;2;22;133;169m🐛 47.356s    [phytium_mci::mci::mci_cmd:130]     resp: 0x920
[0m[38;2;22;133;169m🐛 47.364s    [phytium_mci::mci::mci_cmd:135] ============[ACMD-55]@0xfffffeffa8000000 end ============
[0m[38;2;0;188;18m💡 47.375s    [phytium_mci::mci::mci_cmd:149] cmd send done ...
[0m[38;2;22;133;169m🐛 47.382s    [phytium_mci::mci_host::mci_sdif::sdif_device:377] buf PA: 0xfb7f0c90, blksz: 4, datalen: 4
[0m[38;2;22;133;169m🐛 47.394s    [phytium_mci::mci::mci_dma:94] DMA transfer 0xfb7f0c90 use 1 desc, total 1024 available
[0m[38;2;22;133;169m🐛 47.405s    [phytium_mci::mci::mci_dma:50] 1 dma desc in use!
[0m[38;2;22;133;169m🐛 47.412s    [phytium_mci::mci::mci_dma:55] descriptor no 0 @0xffffff00001df400
[0m[38;2;22;133;169m🐛 47.422s    [phytium_mci::mci::mci_dma:56] 	attribute: 0x8000003c
[0m[38;2;22;133;169m🐛 47.430s    [phytium_mci::mci::mci_dma:57] 	non1: 0x0
[0m[38;2;22;133;169m🐛 47.437s    [phytium_mci::mci::mci_dma:58] 	len: 0x4
[0m[38;2;22;133;169m🐛 47.444s    [phytium_mci::mci::mci_dma:59] 	non2: 0x0
[0m[38;2;22;133;169m🐛 47.451s    [phytium_mci::mci::mci_dma:60] 	addr_lo: 0xfb7f0c90
[0m[38;2;22;133;169m🐛 47.459s    [phytium_mci::mci::mci_dma:61] 	addr_hi: 0x0
[0m[38;2;22;133;169m🐛 47.466s    [phytium_mci::mci::mci_dma:62] 	desc_lo: 0x0
[0m[38;2;22;133;169m🐛 47.473s    [phytium_mci::mci::mci_dma:63] 	desc_hi: 0x0
[0m[38;2;22;133;169m🐛 47.480s    [phytium_mci::mci::mci_dma:67] dump ok
[0m[38;2;22;133;169m🐛 47.487s    [phytium_mci::mci::mci_dma:163] set dma desc ok
[0m[38;2;0;188;18m💡 47.495s    [phytium_mci::mci::mci_dma:176] Descriptor@0xffffff00001df400, trans bytes: 4, block size: 4
[0m[38;2;22;133;169m🐛 47.506s    [phytium_mci::mci::mci_cmd:79] ============[ACMD-22]@0xfffffeffa8000000 begin ============
[0m[38;2;22;133;169m🐛 47.517s    [phytium_mci::mci::mci_cmd:89]     cmd: 0x20000356
[0m[38;2;22;133;169m🐛 47.525s    [phytium_mci::mci::mci_cmd:90]     arg: 0x0
[0m[38;2;22;133;169m🐛 47.532s    [phytium_mci::mci:298] polling dma end, reg_val = 0x0
[0m[38;2;22;133;169m🐛 47.540s    [phytium_mci::mci::mci_cmd:130]     resp: 0x920
[0m[38;2;22;133;169m🐛 47.548s    [phytium_mci::mci::mci_cmd:135] ============[ACMD-22]@0xfffffeffa8000000 end ============
[0m[38;2;0;188;18m💡 47.559s    [phytium_mci::mci::mci_cmd:149] cmd send done ...
[0m[38;2;22;133;169m🐛 47.567s    [phytium_mci::mci::mci_cmd:130]     resp: 0x920
[0m[38;2;22;133;169m🐛 47.574s    [phytium_mci::mci::mci_cmd:135] ============[CMD-22]@0xfffffeffa8000000 end ============
[0m[38;2;0;188;18m💡 47.585s    [phytium_mci::mci::mci_cmd:149] cmd send done ...
[0m[38;2;22;133;169m🐛 47.593s    [phytium_mci::mci_host::sd:1411] written blocks this time is 537460736
[0m[38;2;22;133;169m🐛 47.603s    [phytium_mci::mci::mci_cmd:79] ============[CMD-13]@0xfffffeffa8000000 begin ============
[0m[38;2;22;133;169m🐛 47.614s    [phytium_mci::mci::mci_cmd:89]     cmd: 0x2000014d
[0m[38;2;22;133;169m🐛 47.622s    [phytium_mci::mci::mci_cmd:90]     arg: 0xaaaa0000
[0m[38;2;22;133;169m🐛 47.629s    [phytium_mci::mci:298] polling dma end, reg_val = 0x0
[0m[38;2;22;133;169m🐛 47.637s    [phytium_mci::mci::mci_cmd:130]     resp: 0x900
[0m[38;2;22;133;169m🐛 47.645s    [phytium_mci::mci::mci_cmd:135] ============[CMD-13]@0xfffffeffa8000000 end ============
[0m[38;2;0;188;18m💡 47.656s    [phytium_mci::mci::mci_cmd:149] cmd send done ...
[0m[38;2;22;133;169m🐛 47.664s    [phytium_mci::mci::mci_cmd:130]     resp: 0x900
[0m[38;2;22;133;169m🐛 47.671s    [phytium_mci::mci::mci_cmd:135] ============[CMD-13]@0xfffffeffa8000000 end ============
[0m[38;2;0;188;18m💡 47.682s    [phytium_mci::mci::mci_cmd:149] cmd send done ...
[0m[38;2;0;188;18m💡 47.690s    [phytium_mci::mci_host::sd:1281] read cmd, block_size = 512, block_count = 10
[0m[38;2;22;133;169m🐛 47.700s    [phytium_mci::mci::mci_cmd:79] ============[CMD-23]@0xfffffeffa8000000 begin ============
[0m[38;2;22;133;169m🐛 47.711s    [phytium_mci::mci::mci_cmd:89]     cmd: 0x20000157
[0m[38;2;22;133;169m🐛 47.719s    [phytium_mci::mci::mci_cmd:90]     arg: 0xa
[0m[38;2;22;133;169m🐛 47.726s    [phytium_mci::mci:298] polling dma end, reg_val = 0x0
[0m[38;2;22;133;169m🐛 47.734s    [phytium_mci::mci::mci_cmd:130]     resp: 0x900
[0m[38;2;22;133;169m🐛 47.742s    [phytium_mci::mci::mci_cmd:135] ============[CMD-23]@0xfffffeffa8000000 end ============
[0m[38;2;0;188;18m💡 47.753s    [phytium_mci::mci::mci_cmd:149] cmd send done ...
[0m[38;2;22;133;169m🐛 47.760s    [phytium_mci::mci::mci_cmd:130]     resp: 0x900
[0m[38;2;22;133;169m🐛 47.768s    [phytium_mci::mci::mci_cmd:135] ============[CMD-23]@0xfffffeffa8000000 end ============
[0m[38;2;0;188;18m💡 47.779s    [phytium_mci::mci::mci_cmd:149] cmd send done ...
[0m[38;2;22;133;169m🐛 47.787s    [phytium_mci::mci_host::mci_sdif::sdif_device:377] buf PA: 0x80268000, blksz: 512, datalen: 5120
[0m[38;2;22;133;169m🐛 47.798s    [phytium_mci::mci::mci_dma:94] DMA transfer 0x80268000 use 2 desc, total 1024 available
[0m[38;2;22;133;169m🐛 47.809s    [phytium_mci::mci::mci_dma:50] 2 dma desc in use!
[0m[38;2;22;133;169m🐛 47.817s    [phytium_mci::mci::mci_dma:55] descriptor no 0 @0xffffff00001df400
[0m[38;2;22;133;169m🐛 47.826s    [phytium_mci::mci::mci_dma:56] 	attribute: 0x80000018
[0m[38;2;22;133;169m🐛 47.834s    [phytium_mci::mci::mci_dma:57] 	non1: 0x0
[0m[38;2;22;133;169m🐛 47.841s    [phytium_mci::mci::mci_dma:58] 	len: 0x1000
[0m[38;2;22;133;169m🐛 47.849s    [phytium_mci::mci::mci_dma:59] 	non2: 0x0
[0m[38;2;22;133;169m🐛 47.856s    [phytium_mci::mci::mci_dma:60] 	addr_lo: 0x80268000
[0m[38;2;22;133;169m🐛 47.864s    [phytium_mci::mci::mci_dma:61] 	addr_hi: 0x0
[0m[38;2;22;133;169m🐛 47.871s    [phytium_mci::mci::mci_dma:62] 	desc_lo: 0x801df420
[0m[38;2;22;133;169m🐛 47.879s    [phytium_mci::mci::mci_dma:63] 	desc_hi: 0x0
[0m[38;2;22;133;169m🐛 47.886s    [phytium_mci::mci::mci_dma:55] descriptor no 1 @0xffffff00001df420
[0m[38;2;22;133;169m🐛 47.895s    [phytium_mci::mci::mci_dma:56] 	attribute: 0x80000034
[0m[38;2;22;133;169m🐛 47.903s    [phytium_mci::mci::mci_dma:57] 	non1: 0x0
[0m[38;2;22;133;169m🐛 47.910s    [phytium_mci::mci::mci_dma:58] 	len: 0x400
[0m[38;2;22;133;169m🐛 47.917s    [phytium_mci::mci::mci_dma:59] 	non2: 0x0
[0m[38;2;22;133;169m🐛 47.924s    [phytium_mci::mci::mci_dma:60] 	addr_lo: 0x80269000
[0m[38;2;22;133;169m🐛 47.932s    [phytium_mci::mci::mci_dma:61] 	addr_hi: 0x0
[0m[38;2;22;133;169m🐛 47.940s    [phytium_mci::mci::mci_dma:62] 	desc_lo: 0x0
[0m[38;2;22;133;169m🐛 47.947s    [phytium_mci::mci::mci_dma:63] 	desc_hi: 0x0
[0m[38;2;22;133;169m🐛 47.954s    [phytium_mci::mci::mci_dma:67] dump ok
[0m[38;2;22;133;169m🐛 47.961s    [phytium_mci::mci::mci_dma:163] set dma desc ok
[0m[38;2;0;188;18m💡 47.969s    [phytium_mci::mci::mci_dma:176] Descriptor@0xffffff00001df400, trans bytes: 5120, block size: 512
[0m[38;2;22;133;169m🐛 47.980s    [phytium_mci::mci::mci_cmd:79] ============[CMD-18]@0xfffffeffa8000000 begin ============
[0m[38;2;22;133;169m🐛 47.991s    [phytium_mci::mci::mci_cmd:89]     cmd: 0x20000352
[0m[38;2;22;133;169m🐛 47.999s    [phytium_mci::mci::mci_cmd:90]     arg: 0x20000
[0m[38;2;22;133;169m🐛 48.007s    [phytium_mci::mci:298] polling dma end, reg_val = 0x0
[0m[38;2;22;133;169m🐛 48.015s    [phytium_mci::mci::mci_cmd:130]     resp: 0x900
[0m[38;2;22;133;169m🐛 48.022s    [phytium_mci::mci::mci_cmd:135] ============[CMD-18]@0xfffffeffa8000000 end ============
[0m[38;2;0;188;18m💡 48.034s    [phytium_mci::mci::mci_cmd:149] cmd send done ...
[0m[38;2;22;133;169m🐛 48.041s    [phytium_mci::mci::mci_cmd:130]     resp: 0x900
[0m[38;2;22;133;169m🐛 48.049s    [phytium_mci::mci::mci_cmd:135] ============[CMD-18]@0xfffffeffa8000000 end ============
[0m[38;2;0;188;18m💡 48.060s    [phytium_mci::mci::mci_cmd:149] cmd send done ...
[0m[38;2;0;188;18m💡 48.068s    [test::tests:75] buffer len is 1280
[0m[38;2;0;188;18m💡 48.074s    [test::tests:77] test_work passed

[0mtest test_work passed
All tests passed